app/build/intermediates/manifest_merge_blame_file/debug/manifest-merger-blame-debug-report.txt
1<?xml version="1.0" encoding="utf-8"?>
2<manifest xmlns:android="http://schemas.android.com/apk/res/android"
3    package="com.example.quizapp"
4    android:versionCode="1"
5    android:versionName="1.0" >
6
7    <uses-sdk
8        android:minSdkVersion="23"
8-->src\main\AndroidManifest.xml
9        android:targetSdkVersion="29" />
9-->src\main\AndroidManifest.xml
10
11    <application
11-->src\main\AndroidManifest.xml:5:5-21:19
12        android:allowBackup="true"
12-->src\main\AndroidManifest.xml:6:9-35
13        android:appComponentFactory="androidx.core.app.CoreComponentFactory"
13-->[androidx.core:core:1.1.0] AndroidManifest.xml:24:18-86
14        android:debuggable="true"
15        android:extractNativeLibs="false"
16        android:icon="@mipmap/ic_launcher"
16-->src\main\AndroidManifest.xml:7:9-43
17        android:label="@string/app_name"
17-->src\main\AndroidManifest.xml:8:9-41
18        android:roundIcon="@mipmap/ic_launcher_round"
18-->src\main\AndroidManifest.xml:9:9-54
19        android:supportsRtl="true"
19-->src\main\AndroidManifest.xml:10:9-35
20        android:testOnly="true"
21        android:theme="@style/AppTheme.NoActionbar" >
21-->src\main\AndroidManifest.xml:11:9-52
22        <activity android:name="com.example.quizapp.MainActivity" >
22-->src\main\AndroidManifest.xml:12:9-18:20
22-->src\main\AndroidManifest.xml:12:19-47
23            <intent-filter>
23-->src\main\AndroidManifest.xml:13:13-17:29
24                <action android:name="android.intent.action.MAIN" />
24-->src\main\AndroidManifest.xml:14:17-69
24-->src\main\AndroidManifest.xml:14:25-66
25
26                <category android:name="android.intent.category.LAUNCHER" />
26-->src\main\AndroidManifest.xml:16:17-77
26-->src\main\AndroidManifest.xml:16:27-74
27            </intent-filter>
28        </activity>
29        <activity android:name="com.example.quizapp.Login" />
29-->src\main\AndroidManifest.xml:19:9-42
29-->src\main\AndroidManifest.xml:19:19-40
30        <activity android:name="com.example.quizapp.Register" />
30-->src\main\AndroidManifest.xml:20:9-45
30-->src\main\AndroidManifest.xml:20:19-43
31        <activity
31-->[com.google.firebase:firebase-auth:19.3.2] AndroidManifest.xml:24:9-31:50
32            android:name="com.google.firebase.auth.internal.FederatedSignInActivity"
32-->[com.google.firebase:firebase-auth:19.3.2] AndroidManifest.xml:25:13-85
33            android:excludeFromRecents="true"
33-->[com.google.firebase:firebase-auth:19.3.2] AndroidManifest.xml:26:13-46
34            android:exported="true"
34-->[com.google.firebase:firebase-auth:19.3.2] AndroidManifest.xml:27:13-36
35            android:launchMode="singleTask"
35-->[com.google.firebase:firebase-auth:19.3.2] AndroidManifest.xml:28:13-44
36            android:permission="com.google.firebase.auth.api.gms.permission.LAUNCH_FEDERATED_SIGN_IN"
36-->[com.google.firebase:firebase-auth:19.3.2] AndroidManifest.xml:29:13-102
37            android:theme="@android:style/Theme.Translucent.NoTitleBar" />
37-->[com.google.firebase:firebase-auth:19.3.2] AndroidManifest.xml:30:13-72
38
39        <service
39-->[com.google.firebase:firebase-auth:19.3.2] AndroidManifest.xml:33:9-39:19
40            android:name="com.google.firebase.components.ComponentDiscoveryService"
40-->[com.google.firebase:firebase-auth:19.3.2] AndroidManifest.xml:34:13-84
41            android:directBootAware="true"
41-->[com.google.firebase:firebase-common:19.3.0] AndroidManifest.xml:34:13-43
42            android:exported="false" >
42-->[com.google.firebase:firebase-auth:19.3.2] AndroidManifest.xml:35:13-37
43            <meta-data
43-->[com.google.firebase:firebase-auth:19.3.2] AndroidManifest.xml:36:13-38:85
44                android:name="com.google.firebase.components:com.google.firebase.auth.FirebaseAuthRegistrar"
44-->[com.google.firebase:firebase-auth:19.3.2] AndroidManifest.xml:37:17-109
45                android:value="com.google.firebase.components.ComponentRegistrar" />
45-->[com.google.firebase:firebase-auth:19.3.2] AndroidManifest.xml:38:17-82
46        </service>
47
48        <activity
48-->[com.google.android.gms:play-services-base:17.1.0] AndroidManifest.xml:23:9-26:75
49            android:name="com.google.android.gms.common.api.GoogleApiActivity"
49-->[com.google.android.gms:play-services-base:17.1.0] AndroidManifest.xml:24:13-79
50            android:exported="false"
50-->[com.google.android.gms:play-services-base:17.1.0] AndroidManifest.xml:25:13-37
51            android:theme="@android:style/Theme.Translucent.NoTitleBar" />
51-->[com.google.android.gms:play-services-base:17.1.0] AndroidManifest.xml:26:13-72
52
53        <provider
53-->[com.google.firebase:firebase-common:19.3.0] AndroidManifest.xml:26:9-30:39
54            android:name="com.google.firebase.provider.FirebaseInitProvider"
54-->[com.google.firebase:firebase-common:19.3.0] AndroidManifest.xml:27:13-77
55            android:authorities="com.example.quizapp.firebaseinitprovider"
55-->[com.google.firebase:firebase-common:19.3.0] AndroidManifest.xml:28:13-72
56            android:exported="false"
56-->[com.google.firebase:firebase-common:19.3.0] AndroidManifest.xml:29:13-37
57            android:initOrder="100" />
57-->[com.google.firebase:firebase-common:19.3.0] AndroidManifest.xml:30:13-36
58
59        <meta-data
59-->[com.google.android.gms:play-services-basement:17.0.0] AndroidManifest.xml:23:9-25:69
60            android:name="com.google.android.gms.version"
60-->[com.google.android.gms:play-services-basement:17.0.0] AndroidManifest.xml:24:13-58
61            android:value="@integer/google_play_services_version" />
61-->[com.google.android.gms:play-services-basement:17.0.0] AndroidManifest.xml:25:13-66
62    </application>
63
64</manifest>